<?xml version="1.0" encoding="UTF-8"?>
<!-- Generated by org.testng.reporters.JUnitReportReporter -->
<testsuite hostname="DESKTOP-S2A2NB5" failures="0" tests="1" name="ormworkshift.tests.EditWorkShiftTest" time="68.697" errors="0" timestamp="2024-03-19T15:43:35 IST" skipped="0">
  <testcase classname="ormworkshift.tests.EditWorkShiftTest" name="testEditWorkShift" time="68.697"/>
</testsuite> <!-- ormworkshift.tests.EditWorkShiftTest -->
