<?xml version="1.0" encoding="UTF-8"?>
<!-- Generated by org.testng.reporters.JUnitReportReporter -->
<testsuite hostname="DESKTOP-S2A2NB5" failures="0" tests="1" name="ormworkshift.tests.AddWorkShiftTest" time="27.950" errors="0" timestamp="2024-03-19T11:30:04 IST" skipped="0">
  <testcase classname="ormworkshift.tests.AddWorkShiftTest" name="testAddWorkShift" time="27.950"/>
</testsuite> <!-- ormworkshift.tests.AddWorkShiftTest -->
